This file contains any messages produced by compilers while
running configure, to aid debugging if configure makes a mistake.

It was created by configure, which was
generated by GNU Autoconf 2.52.  Invocation command line was

  $ ./configure 

## ---------- ##
## Platform.  ##
## ---------- ##

hostname = sofia
uname -m = x86_64
uname -r = 3.2.0-77-generic
uname -s = Linux
uname -v = #114-Ubuntu SMP Tue Mar 10 17:26:03 UTC 2015

/usr/bin/uname -p = unknown
/bin/uname -X     = unknown

/bin/arch              = unknown
/usr/bin/arch -k       = unknown
/usr/convex/getsysinfo = unknown
hostinfo               = unknown
/bin/machine           = unknown
/usr/bin/oslevel       = unknown
/bin/universe          = unknown

PATH = /home/rlc2160/bin:/usr/local/sbin:/usr/local/bin:/usr/sbin:/usr/bin:/sbin:/bin:/usr/bin/X11:/usr/games

## ------------ ##
## Core tests.  ##
## ------------ ##

configure:950: PATH=".;."; conftest.sh
./configure: 951: ./configure: conftest.sh: not found
configure:953: $? = 127
configure:1001: checking for a BSD compatible install
configure:1050: result: /usr/bin/install -c
configure:1061: checking whether build environment is sane
configure:1104: result: yes
configure:1119: checking whether make sets ${MAKE}
configure:1139: result: yes
configure:1167: checking for working aclocal
configure:1174: result: found
configure:1182: checking for working autoconf
configure:1189: result: found
configure:1197: checking for working automake
configure:1204: result: found
configure:1212: checking for working autoheader
configure:1219: result: found
configure:1227: checking for working makeinfo
configure:1234: result: found
configure:1247: checking for mawk
configure:1262: found /usr/bin/mawk
configure:1270: result: mawk
configure:1323: checking for gcc
configure:1338: found /usr/bin/gcc
configure:1346: result: gcc
configure:1574: checking for C compiler version
configure:1577: gcc --version </dev/null >&5
gcc (Ubuntu/Linaro 4.6.3-1ubuntu5) 4.6.3
Copyright (C) 2011 Free Software Foundation, Inc.
This is free software; see the source for copying conditions.  There is NO
warranty; not even for MERCHANTABILITY or FITNESS FOR A PARTICULAR PURPOSE.

configure:1580: $? = 0
configure:1582: gcc -v </dev/null >&5
Using built-in specs.
COLLECT_GCC=gcc
COLLECT_LTO_WRAPPER=/usr/lib/gcc/x86_64-linux-gnu/4.6/lto-wrapper
Target: x86_64-linux-gnu
Configured with: ../src/configure -v --with-pkgversion='Ubuntu/Linaro 4.6.3-1ubuntu5' --with-bugurl=file:///usr/share/doc/gcc-4.6/README.Bugs --enable-languages=c,c++,fortran,objc,obj-c++ --prefix=/usr --program-suffix=-4.6 --enable-shared --enable-linker-build-id --with-system-zlib --libexecdir=/usr/lib --without-included-gettext --enable-threads=posix --with-gxx-include-dir=/usr/include/c++/4.6 --libdir=/usr/lib --enable-nls --with-sysroot=/ --enable-clocale=gnu --enable-libstdcxx-debug --enable-libstdcxx-time=yes --enable-gnu-unique-object --enable-plugin --enable-objc-gc --disable-werror --with-arch-32=i686 --with-tune=generic --enable-checking=release --build=x86_64-linux-gnu --host=x86_64-linux-gnu --target=x86_64-linux-gnu
Thread model: posix
gcc version 4.6.3 (Ubuntu/Linaro 4.6.3-1ubuntu5) 
configure:1585: $? = 0
configure:1587: gcc -V </dev/null >&5
gcc: error: unrecognized option '-V'
gcc: fatal error: no input files
compilation terminated.
configure:1590: $? = 4
configure:1610: checking for C compiler default output
configure:1613: gcc    conftest.c  >&5
configure:1616: $? = 0
configure:1645: result: a.out
configure:1650: checking whether the C compiler works
configure:1656: ./a.out
configure:1659: $? = 0
configure:1674: result: yes
configure:1681: checking whether we are cross compiling
configure:1683: result: no
configure:1686: checking for executable suffix
configure:1688: gcc -o conftest    conftest.c  >&5
configure:1691: $? = 0
configure:1713: result: 
configure:1719: checking for object suffix
configure:1737: gcc -c   conftest.c >&5
configure:1740: $? = 0
configure:1759: result: o
configure:1763: checking whether we are using the GNU C compiler
configure:1784: gcc -c   conftest.c >&5
configure:1787: $? = 0
configure:1790: test -s conftest.o
configure:1793: $? = 0
configure:1805: result: yes
configure:1811: checking whether gcc accepts -g
configure:1829: gcc -c -g  conftest.c >&5
configure:1832: $? = 0
configure:1835: test -s conftest.o
configure:1838: $? = 0
configure:1848: result: yes
configure:1875: gcc -c -g -O2  conftest.c >&5
conftest.c:2:3: error: unknown type name 'choke'
conftest.c:2:3: error: expected '=', ',', ';', 'asm' or '__attribute__' at end of input
configure:1878: $? = 1
configure: failed program was:
#ifndef __cplusplus
  choke me
#endif
configure:1988: checking for a BSD compatible install
configure:2037: result: /usr/bin/install -c
configure:2048: checking whether ln -s works
configure:2052: result: yes
configure:2065: checking for floor in -lm
configure:2092: gcc -o conftest -g -O2 -Wall   conftest.c -lm   >&5
configure:2081:6: warning: conflicting types for built-in function 'floor' [enabled by default]
configure:2095: $? = 0
configure:2098: test -s conftest
configure:2101: $? = 0
configure:2112: result: yes
configure:2123: checking for gethostbyname in -lnsl
configure:2150: gcc -o conftest -g -O2 -Wall   conftest.c -lnsl  -lm  >&5
configure:2153: $? = 0
configure:2156: test -s conftest
configure:2159: $? = 0
configure:2170: result: yes
configure:2181: checking for bind in -lsocket
configure:2208: gcc -o conftest -g -O2 -Wall   conftest.c -lsocket  -lnsl -lm  >&5
/usr/bin/ld: cannot find -lsocket
collect2: ld returned 1 exit status
configure:2211: $? = 1
configure: failed program was:
#line 2189 "configure"
#include "confdefs.h"

/* Override any gcc2 internal prototype to avoid an error.  */
#ifdef __cplusplus
extern "C"
#endif
/* We use char because int might match the return type of a gcc2
   builtin and then its argument prototype would still apply.  */
char bind ();
int
main ()
{
bind ();
  ;
  return 0;
}
configure:2228: result: no
configure:2245: checking how to run the C preprocessor
configure:2271: gcc -E  conftest.c
configure:2277: $? = 0
configure:2304: gcc -E  conftest.c
configure:2301:28: fatal error: ac_nonexistent.h: No such file or directory
compilation terminated.
configure:2310: $? = 1
configure: failed program was:
#line 2300 "configure"
#include "confdefs.h"
#include <ac_nonexistent.h>
configure:2347: result: gcc -E
configure:2362: gcc -E  conftest.c
configure:2368: $? = 0
configure:2395: gcc -E  conftest.c
configure:2392:28: fatal error: ac_nonexistent.h: No such file or directory
compilation terminated.
configure:2401: $? = 1
configure: failed program was:
#line 2391 "configure"
#include "confdefs.h"
#include <ac_nonexistent.h>
configure:2440: checking for ANSI C header files
configure:2454: gcc -E  conftest.c
configure:2460: $? = 0
configure:2547: gcc -o conftest -g -O2 -Wall   conftest.c -lnsl -lm  >&5
configure: In function 'main':
configure:2539:7: warning: implicit declaration of function 'exit' [-Wimplicit-function-declaration]
configure:2539:7: warning: incompatible implicit declaration of built-in function 'exit' [enabled by default]
configure:2550: $? = 0
configure:2552: ./conftest
configure:2555: $? = 0
configure:2568: result: yes
configure:2581: checking for arpa/inet.h
configure:2591: gcc -E  conftest.c
configure:2597: $? = 0
configure:2616: result: yes
configure:2581: checking for netdb.h
configure:2591: gcc -E  conftest.c
configure:2597: $? = 0
configure:2616: result: yes
configure:2581: checking for netinet/in.h
configure:2591: gcc -E  conftest.c
configure:2597: $? = 0
configure:2616: result: yes
configure:2581: checking for sys/socket.h
configure:2591: gcc -E  conftest.c
configure:2597: $? = 0
configure:2616: result: yes
configure:2581: checking for sys/select.h
configure:2591: gcc -E  conftest.c
configure:2597: $? = 0
configure:2616: result: yes
configure:2581: checking for sys/time.h
configure:2591: gcc -E  conftest.c
configure:2597: $? = 0
configure:2616: result: yes
configure:2581: checking for sys/timeb.h
configure:2591: gcc -E  conftest.c
configure:2597: $? = 0
configure:2616: result: yes
configure:2581: checking for unistd.h
configure:2591: gcc -E  conftest.c
configure:2597: $? = 0
configure:2616: result: yes
configure:2581: checking for limits.h
configure:2591: gcc -E  conftest.c
configure:2597: $? = 0
configure:2616: result: yes
configure:2639: checking for sys/types.h
configure:2651: gcc -c -g -O2 -Wall  conftest.c >&5
configure:2654: $? = 0
configure:2657: test -s conftest.o
configure:2660: $? = 0
configure:2670: result: yes
configure:2639: checking for sys/stat.h
configure:2651: gcc -c -g -O2 -Wall  conftest.c >&5
configure:2654: $? = 0
configure:2657: test -s conftest.o
configure:2660: $? = 0
configure:2670: result: yes
configure:2639: checking for stdlib.h
configure:2651: gcc -c -g -O2 -Wall  conftest.c >&5
configure:2654: $? = 0
configure:2657: test -s conftest.o
configure:2660: $? = 0
configure:2670: result: yes
configure:2639: checking for string.h
configure:2651: gcc -c -g -O2 -Wall  conftest.c >&5
configure:2654: $? = 0
configure:2657: test -s conftest.o
configure:2660: $? = 0
configure:2670: result: yes
configure:2639: checking for memory.h
configure:2651: gcc -c -g -O2 -Wall  conftest.c >&5
configure:2654: $? = 0
configure:2657: test -s conftest.o
configure:2660: $? = 0
configure:2670: result: yes
configure:2639: checking for strings.h
configure:2651: gcc -c -g -O2 -Wall  conftest.c >&5
configure:2654: $? = 0
configure:2657: test -s conftest.o
configure:2660: $? = 0
configure:2670: result: yes
configure:2639: checking for inttypes.h
configure:2651: gcc -c -g -O2 -Wall  conftest.c >&5
configure:2654: $? = 0
configure:2657: test -s conftest.o
configure:2660: $? = 0
configure:2670: result: yes
configure:2639: checking for stdint.h
configure:2651: gcc -c -g -O2 -Wall  conftest.c >&5
configure:2654: $? = 0
configure:2657: test -s conftest.o
configure:2660: $? = 0
configure:2670: result: yes
configure:2639: checking for unistd.h
configure:2670: result: yes
configure:2680: checking for uint8_t
configure:2701: gcc -c -g -O2 -Wall  conftest.c >&5
configure:2704: $? = 0
configure:2707: test -s conftest.o
configure:2710: $? = 0
configure:2720: result: yes
configure:2729: checking for uint16_t
configure:2750: gcc -c -g -O2 -Wall  conftest.c >&5
configure:2753: $? = 0
configure:2756: test -s conftest.o
configure:2759: $? = 0
configure:2769: result: yes
configure:2778: checking for uint32_t
configure:2799: gcc -c -g -O2 -Wall  conftest.c >&5
configure:2802: $? = 0
configure:2805: test -s conftest.o
configure:2808: $? = 0
configure:2818: result: yes
configure:2828: checking for socklen_t
configure:2850: gcc -c -g -O2 -Wall  conftest.c >&5
configure:2853: $? = 0
configure:2856: test -s conftest.o
configure:2859: $? = 0
configure:2869: result: yes
configure:2878: checking for in_addr_t
configure:2900: gcc -c -g -O2 -Wall  conftest.c >&5
configure:2903: $? = 0
configure:2906: test -s conftest.o
configure:2909: $? = 0
configure:2919: result: yes
configure:2928: checking for in_port_t
configure:2950: gcc -c -g -O2 -Wall  conftest.c >&5
configure:2953: $? = 0
configure:2956: test -s conftest.o
configure:2959: $? = 0
configure:2969: result: yes
configure:3102: creating ./config.status

## ----------------------- ##
## Running config.status.  ##
## ----------------------- ##

This file was extended by config.status 2.52, executed with
  CONFIG_FILES    = 
  CONFIG_HEADERS  = 
  CONFIG_LINKS    = 
  CONFIG_COMMANDS = 
  > ./config.status 
on sofia

config.status:3540: creating Makefile

## ----------------- ##
## Cache variables.  ##
## ----------------- ##

ac_cv_c_compiler_gnu='yes'
ac_cv_env_CC_set=''
ac_cv_env_CC_value=''
ac_cv_env_CFLAGS_set=''
ac_cv_env_CFLAGS_value=''
ac_cv_env_CPPFLAGS_set=''
ac_cv_env_CPPFLAGS_value=''
ac_cv_env_CPP_set=''
ac_cv_env_CPP_value=''
ac_cv_env_LDFLAGS_set=''
ac_cv_env_LDFLAGS_value=''
ac_cv_env_build_alias_set=''
ac_cv_env_build_alias_value=''
ac_cv_env_host_alias_set=''
ac_cv_env_host_alias_value=''
ac_cv_env_target_alias_set=''
ac_cv_env_target_alias_value=''
ac_cv_header_arpa_inet_h='yes'
ac_cv_header_inttypes_h='yes'
ac_cv_header_limits_h='yes'
ac_cv_header_memory_h='yes'
ac_cv_header_netdb_h='yes'
ac_cv_header_netinet_in_h='yes'
ac_cv_header_stdc='yes'
ac_cv_header_stdint_h='yes'
ac_cv_header_stdlib_h='yes'
ac_cv_header_string_h='yes'
ac_cv_header_strings_h='yes'
ac_cv_header_sys_select_h='yes'
ac_cv_header_sys_socket_h='yes'
ac_cv_header_sys_stat_h='yes'
ac_cv_header_sys_time_h='yes'
ac_cv_header_sys_timeb_h='yes'
ac_cv_header_sys_types_h='yes'
ac_cv_header_unistd_h='yes'
ac_cv_lib_m_floor='yes'
ac_cv_lib_nsl_gethostbyname='yes'
ac_cv_lib_socket_bind='no'
ac_cv_objext='o'
ac_cv_path_install='/usr/bin/install -c'
ac_cv_prog_AWK='mawk'
ac_cv_prog_CPP='gcc -E'
ac_cv_prog_ac_ct_CC='gcc'
ac_cv_prog_cc_g='yes'
ac_cv_prog_make_make_set='yes'
ac_cv_type_in_addr_t='yes'
ac_cv_type_in_port_t='yes'
ac_cv_type_socklen_t='yes'
ac_cv_type_uint16_t='yes'
ac_cv_type_uint32_t='yes'
ac_cv_type_uint8_t='yes'

## ------------ ##
## confdefs.h.  ##
## ------------ ##

#define PACKAGE "newudpl"
#define VERSION "1.4"
#define HAVE_LIBM 1
#define HAVE_LIBNSL 1
#define STDC_HEADERS 1
#define HAVE_ARPA_INET_H 1
#define HAVE_NETDB_H 1
#define HAVE_NETINET_IN_H 1
#define HAVE_SYS_SOCKET_H 1
#define HAVE_SYS_SELECT_H 1
#define HAVE_SYS_TIME_H 1
#define HAVE_SYS_TIMEB_H 1
#define HAVE_UNISTD_H 1
#define HAVE_LIMITS_H 1
#define HAVE_SYS_TYPES_H 1
#define HAVE_SYS_STAT_H 1
#define HAVE_STDLIB_H 1
#define HAVE_STRING_H 1
#define HAVE_MEMORY_H 1
#define HAVE_STRINGS_H 1
#define HAVE_INTTYPES_H 1
#define HAVE_STDINT_H 1
#define HAVE_UNISTD_H 1
#define HAVE_UINT8_T 1
#define HAVE_UINT16_T 1
#define HAVE_UINT32_T 1
#define HAVE_SOCKLEN_T 1
#define HAVE_IN_ADDR_T 1
#define HAVE_IN_PORT_T 1


configure: exit 0
